Wed Dec 15 10:28:05 CST 2021
;****************************************************************************************************************
$PROBLEM    RUN5
$INPUT      ID TIME DV MDV AMT EVID CMT
;****************************************************************************************************************
$DATA      datasim.csv IGNORE=@

;****************************************************************************************************************
$SUBROUTINE ADVAN8 TOL=5
$MODEL      COMP(ABSORB,DEFDOSE) COMP (CENTRAL) COMP (PERIPH)
$PK

 TVV2  = THETA(1)
 TVCL  = THETA(2)
 
 V2=TVV2*EXP(ETA(1))                                                 ; volume central
 CL=TVCL*EXP(ETA(2))                                                 ; clearance
 V3=THETA(3)  									                     ; volume peripheral
 Q =THETA(4)  									                     ; intercompartimental clearance 
 KA=THETA(5)			        									 ; absorption rate constant
 
 K20=CL/V2
 K23=Q/V2
 K32=Q/V3
 
;****************************************************************************************************************
$DES
 DADT(1) = -A(1)*KA                              ; First compartment is absorption compartment
 DADT(2) = A(1)*KA + A(3)*K32 -A(2)*(K20+K23)    ; Central Compartment
 DADT(3) = A(2)*K23-A(3)*K32                     ; Peripheral Compartment   

;****************************************************************************************************************
$ERROR
IPRD1=A(2)/V2
IPRED= IPRD1
PROP=THETA(6)*IPRD1  
W=SQRT(PROP**2)
IRES=DV-IPRED
IWRES=IRES/W
Y= IPRED + W*EPS(1)

;****************************************************************************************************************
$THETA  (0,20) ; V2,label='Central Volume',units='L',trans='',type='Structural'
$THETA  (0,0.6) ; CL,label='Clearance',units='L/h',trans='',type= 'Structural'
$THETA  (0,80) ; V3,label='Peripheral Volume',units='L',trans='',type='Structural'
$THETA  (0,1.8) ; Q,label='Intercompartimental Clearance',units='L/h',trans='',type='Structural'
$THETA  (0,0.7) ; KA,label='Absorption Rate',units='h-1',trans='',type='Structural'
$THETA  (0,0.1) ; ERRPROP,label='Proportional Error',units='-',trans='',type='RUV'
$OMEGA  BLOCK(2)
 0.1  ; nV2, label='On Volume', type='IIV'
 0.02 0.1  ; nCL, label='On Clearance', type='IIV'
;Initial value of SIGMA
$SIGMA  1  FIX
$ESTIMATION MAXEVALS=9999 METHOD=1 INTER NOABORT NSIG=3 POSTHOC
            PRINT=1
$COVARIANCE UNCONDITIONAL


NM-TRAN MESSAGES
  
 WARNINGS AND ERRORS (IF ANY) FOR PROBLEM    1
             
 (WARNING  2) NM-TRAN INFERS THAT THE DATA ARE POPULATION.

License Registered to: Certara
Expiration Date:    14 MAR 2022
Current Date:       15 DEC 2021
Days until program expires :  94
1NONLINEAR MIXED EFFECTS MODEL PROGRAM (NONMEM) VERSION 7.4.3
 ORIGINALLY DEVELOPED BY STUART BEAL, LEWIS SHEINER, AND ALISON BOECKMANN
 CURRENT DEVELOPERS ARE ROBERT BAUER, ICON DEVELOPMENT SOLUTIONS,
 AND ALISON BOECKMANN. IMPLEMENTATION, EFFICIENCY, AND STANDARDIZATION
 PERFORMED BY NOUS INFOSYSTEMS.
 
 PROBLEM NO.:         1
 RUN5                                                                    
0DATA CHECKOUT RUN:              NO 
 DATA SET LOCATED ON UNIT NO.:    2
 THIS UNIT TO BE REWOUND:        NO 
 NO. OF DATA RECS IN DATA SET:      180
 NO. OF DATA ITEMS IN DATA SET:   7
 ID DATA ITEM IS DATA ITEM NO.:   1
 DEP VARIABLE IS DATA ITEM NO.:   3
 MDV DATA ITEM IS DATA ITEM NO.:  4
0INDICES PASSED TO SUBROUTINE PRED:
   6   2   5   0   0   0   7   0   0   0   0
0LABELS FOR DATA ITEMS:
 ID TIME DV MDV AMT EVID CMT
0FORMAT FOR DATA:
 (E3.0,2E12.0,E2.0,E4.0,2E2.0)                                                   
 
 TOT. NO. OF OBS RECS:      150
 TOT. NO. OF INDIVIDUALS:       30
0LENGTH OF THETA:   6
0DEFAULT THETA BOUNDARY TEST OMITTED:    NO 
0OMEGA HAS BLOCK FORM:
  1
  1  1
0DEFAULT OMEGA BOUNDARY TEST OMITTED:    NO 
0SIGMA HAS SIMPLE DIAGONAL FORM WITH DIMENSION:   1
0DEFAULT SIGMA BOUNDARY TEST OMITTED:    NO 
0INITIAL ESTIMATE OF THETA:
 LOWER BOUND    INITIAL EST    UPPER BOUND
  0.0000E+00     0.2000E+02     0.1000E+07
  0.0000E+00     0.6000E+00     0.1000E+07
  0.0000E+00     0.8000E+02     0.1000E+07
  0.0000E+00     0.1800E+01     0.1000E+07
  0.0000E+00     0.7000E+00     0.1000E+07
  0.0000E+00     0.1000E+00     0.1000E+07
0INITIAL ESTIMATE OF OMEGA:
 BLOCK SET NO.   BLOCK                                                                    FIXED
        1                                                                                   NO 
                  0.1000E+00
                  0.2000E-01   0.1000E+00
0INITIAL ESTIMATE OF SIGMA:
 0.1000E+01
0SIGMA CONSTRAINED TO BE THIS INITIAL ESTIMATE
0COVARIANCE STEP OMITTED:        NO 
 EIGENVLS. PRINTED:              NO 
 SPECIAL COMPUTATION:            NO 
 COMPRESSED FORMAT:              NO 
 GRADIENT METHOD USED:     NOSLOW
 SIGDIGITS ETAHAT (SIGLO):                  -1          
 SIGDIGITS GRADIENTS (SIGL):                -1          
 EXCLUDE COV FOR FOCE (NOFCOV):              NO   
 TURN OFF Cholesky Transposition of R Matrix (CHOLROFF): NO   
 KNUTHSUMOFF:                                -1          
 RESUME COV ANALYSIS (RESUME):               NO   
 SIR SAMPLE SIZE (SIRSAMPLE):              -1          
 NON-LINEARLY TRANSFORM THETAS DURING COV (THBND): 1           
 PRECONDTIONING CYCLES (PRECOND):        0           
 PRECONDTIONING TYPES (PRECONDS):        TOS       
 FORCED PRECONDTIONING CYCLES (PFCOND):0           
 PRECONDTIONING TYPE (PRETYPE):        0           
 FORCED POS. DEFINITE SETTING: (FPOSDEF):0           
1DOUBLE PRECISION PREDPP VERSION 7.4.3
 
 GENERAL NONLINEAR KINETICS MODEL WITH STIFF EQUATIONS (DGEAR1, ADVAN8)
0MODEL SUBROUTINE USER-SUPPLIED - ID NO. 9999
0MAXIMUM NO. OF BASIC PK PARAMETERS:   4
0COMPARTMENT ATTRIBUTES 
 COMPT. NO.   FUNCTION   INITIAL    ON/OFF      DOSE      DEFAULT    DEFAULT
                         STATUS     ALLOWED    ALLOWED    FOR DOSE   FOR OBS.
    1         ABSORB       ON         YES        YES        YES        NO 
    2         CENTRAL      ON         YES        YES        NO         YES
    3         PERIPH       ON         YES        YES        NO         NO 
    4         OUTPUT       OFF        YES        NO         NO         NO 
 INITIAL (BASE) TOLERANCE SETTINGS:
 NRD (RELATIVE) VALUE OF TOLERANCE:   5
 ANRD (ABSOLUTE) VALUE OF TOLERANCE:  12
1
 ADDITIONAL PK PARAMETERS - ASSIGNMENT OF ROWS IN GG
 COMPT. NO.                             INDICES
              SCALE      BIOAVAIL.   ZERO-ORDER  ZERO-ORDER  ABSORB
                         FRACTION    RATE        DURATION    LAG  
    1            *           *           *           *           *
    2            *           *           *           *           *
    3            *           *           *           *           *
    4            *           -           -           -           -
             - PARAMETER IS NOT ALLOWED FOR THIS MODEL
             * PARAMETER IS NOT SUPPLIED BY PK SUBROUTINE;
               WILL DEFAULT TO ONE IF APPLICABLE
0DATA ITEM INDICES USED BY PRED ARE:
   EVENT ID DATA ITEM IS DATA ITEM NO.:      6
   TIME DATA ITEM IS DATA ITEM NO.:          2
   DOSE AMOUNT DATA ITEM IS DATA ITEM NO.:   5
   COMPT. NO. DATA ITEM IS DATA ITEM NO.:    7
 
0PK SUBROUTINE CALLED WITH EVERY EVENT RECORD.
 PK SUBROUTINE NOT CALLED AT NONEVENT (ADDITIONAL OR LAGGED) DOSE TIMES.
0ERROR SUBROUTINE CALLED WITH EVERY EVENT RECORD.
0ERROR SUBROUTINE INDICATES THAT DERIVATIVES OF COMPARTMENT AMOUNTS ARE USED.
0DES SUBROUTINE USES COMPACT STORAGE MODE.
1


 #TBLN:      1
 #METH: First Order Conditional Estimation with Interaction

 ESTIMATION STEP OMITTED:                 NO  
 ANALYSIS TYPE:                           POPULATION
 NUMBER OF SADDLE POINT RESET ITERATIONS:      0
 GRADIENT METHOD USED:               NOSLOW
 CONDITIONAL ESTIMATES USED:              YES 
 CENTERED ETA:                            NO  
 EPS-ETA INTERACTION:                     YES 
 LAPLACIAN OBJ. FUNC.:                    NO  
 NO. OF FUNCT. EVALS. ALLOWED:            9999
 NO. OF SIG. FIGURES REQUIRED:            3
 INTERMEDIATE PRINTOUT:                   YES 
 ESTIMATE OUTPUT TO MSF:                  NO  
 ABORT WITH PRED EXIT CODE 1:             NO  
 IND. OBJ. FUNC. VALUES SORTED:           NO  
 NUMERICAL DERIVATIVE 
       FILE REQUEST (NUMDER):               NONE
 MAP (ETAHAT) ESTIMATION METHOD (OPTMAP):   0           
 ETA HESSIAN EVALUATION METHOD (ETADER):    0           
 INITIAL ETA FOR MAP ESTIMATION (MCETA):    0           
 SIGDIGITS FOR MAP ESTIMATION (SIGLO):      100         
 GRADIENT SIGDIGITS OF 
       FIXED EFFECTS PARAMETERS (SIGL):     100         
 NOPRIOR SETTING (NOPRIOR):                 OFF       
 NOCOV SETTING (NOCOV):                     OFF       
 DERCONT SETTING (DERCONT):                 OFF       
 FINAL ETA RE-EVALUATION (FNLETA):          ON        
 EXCLUDE NON-INFLUENTIAL (NON-INFL.) ETAS   
       IN SHRINKAGE (ETASTYPE):             NO        
 NON-INFL. ETA CORRECTION (NONINFETA):      OFF       
 RAW OUTPUT FILE (FILE): psn.ext                                                                                                                                                                                                                                                         
 EXCLUDE TITLE (NOTITLE):                   NO        
 EXCLUDE COLUMN LABELS (NOLABEL):           NO        
 FORMAT FOR ADDITIONAL FILES (FORMAT):      S1PE12.5
 PARAMETER ORDER FOR OUTPUTS (ORDER):       TSOL
 WISHART PRIOR DF INTERPRETATION (WISHTYPE):0           
 KNUTHSUMOFF:                               0           
 INCLUDE LNTWOPI:                           NO        
 INCLUDE CONSTANT TERM TO PRIOR (PRIORC):   NO        
 INCLUDE CONSTANT TERM TO OMEGA (ETA) (OLNTWOPI):NO        
 ADDITIONAL CONVERGENCE TEST (CTYPE=4)?:    NO
 EM OR BAYESIAN METHOD USED:                 NONE

 TOLERANCES FOR ESTIMATION/EVALUATION STEP:
 NRD (RELATIVE) VALUE OF TOLERANCE:   5
 ANRD (ABSOLUTE) VALUE OF TOLERANCE:  12
 TOLERANCES FOR COVARIANCE STEP:
 NRD (RELATIVE) VALUE OF TOLERANCE:   5
 ANRD (ABSOLUTE) VALUE OF TOLERANCE:  12

 THE FOLLOWING LABELS ARE EQUIVALENT
 PRED=PREDI
 RES=RESI
 WRES=WRESI
 IWRS=IWRESI
 IPRD=IPREDI
 IRS=IRESI

 MONITORING OF SEARCH:


0ITERATION NO.:    0    OBJECTIVE VALUE:  -239.046596904128        NO. OF FUNC. EVALS.:   8
 CUMULATIVE NO. OF FUNC. EVALS.:        8
 NPARAMETR:  2.0000E+01  6.0000E-01  8.0000E+01  1.8000E+00  7.0000E-01  1.0000E-01  1.0000E-01  2.0000E-02  1.0000E-01
 PARAMETER:  1.0000E-01  1.0000E-01  1.0000E-01  1.0000E-01  1.0000E-01  1.0000E-01  1.0000E-01  1.0000E-01  1.0000E-01
 GRADIENT:  -1.3509E+02 -1.7897E+01  9.4748E+01 -1.0423E+01  8.2684E+01 -2.3080E+01 -5.6824E+01 -1.2328E+02 -1.1623E+02

0ITERATION NO.:    1    OBJECTIVE VALUE:  -273.948010622923        NO. OF FUNC. EVALS.:   9
 CUMULATIVE NO. OF FUNC. EVALS.:       17
 NPARAMETR:  2.6997E+01  6.2433E-01  6.4820E+01  1.8422E+00  5.8258E-01  1.0526E-01  1.2871E-01  8.4808E-02  2.1675E-01
 PARAMETER:  4.0000E-01  1.3975E-01 -1.1041E-01  1.2315E-01 -8.3617E-02  1.5125E-01  2.2619E-01  3.7377E-01  3.5812E-01
 GRADIENT:   1.3393E+02 -9.9243E+01 -1.0075E+02 -7.2941E+00 -9.1511E+01  4.9967E+00 -3.4492E+01  1.7901E+01 -3.8804E+01

0ITERATION NO.:    2    OBJECTIVE VALUE:  -291.912350056691        NO. OF FUNC. EVALS.:   9
 CUMULATIVE NO. OF FUNC. EVALS.:       26
 NPARAMETR:  2.2470E+01  7.1530E-01  7.4419E+01  1.8607E+00  6.6043E-01  1.0454E-01  1.4147E-01  8.3077E-02  2.2771E-01
 PARAMETER:  2.1643E-01  2.7577E-01  2.7684E-02  1.3314E-01  4.1809E-02  1.4441E-01  2.7347E-01  3.4924E-01  4.1130E-01
 GRADIENT:  -5.7400E+01  3.4057E+01  4.2327E+01  4.1730E+01  4.1012E+01  3.8262E+00 -9.5326E+00 -1.4211E+01 -2.0148E+01

0ITERATION NO.:    3    OBJECTIVE VALUE:  -292.701710905566        NO. OF FUNC. EVALS.:  10
 CUMULATIVE NO. OF FUNC. EVALS.:       36
 NPARAMETR:  2.2478E+01  7.1981E-01  7.4447E+01  1.8057E+00  6.5934E-01  1.0406E-01  1.4688E-01  8.5892E-02  2.3961E-01
 PARAMETER:  2.1681E-01  2.8206E-01  2.8060E-02  1.0318E-01  4.0159E-02  1.3979E-01  2.9223E-01  3.5436E-01  4.3972E-01
 GRADIENT:  -5.6432E+01  3.4431E+01  3.9747E+01 -3.0697E+01  3.2357E+01  5.6446E+00 -7.9409E+00 -1.2237E+01 -1.5963E+01

0ITERATION NO.:    4    OBJECTIVE VALUE:  -295.474677502399        NO. OF FUNC. EVALS.:  10
 CUMULATIVE NO. OF FUNC. EVALS.:       46
 NPARAMETR:  2.2987E+01  7.2988E-01  7.3751E+01  1.8247E+00  6.5643E-01  1.0136E-01  1.7394E-01  9.9872E-02  3.0119E-01
 PARAMETER:  2.3920E-01  2.9595E-01  1.8663E-02  1.1360E-01  3.5742E-02  1.1347E-01  3.7677E-01  3.7863E-01  5.6609E-01
 GRADIENT:  -3.7484E+01  2.6951E+01  1.9072E+01 -6.3967E+00  2.4455E+01 -2.4977E+00  3.2529E+00 -9.9484E+00 -7.4788E-01

0ITERATION NO.:    5    OBJECTIVE VALUE:  -295.704254312432        NO. OF FUNC. EVALS.:   9
 CUMULATIVE NO. OF FUNC. EVALS.:       55
 NPARAMETR:  2.3406E+01  7.1569E-01  7.7998E+01  1.8310E+00  6.4706E-01  1.0376E-01  1.7675E-01  1.0986E-01  3.2862E-01
 PARAMETER:  2.5728E-01  2.7631E-01  7.4652E-02  1.1710E-01  2.1352E-02  1.3693E-01  3.8478E-01  4.1318E-01  5.9881E-01
 GRADIENT:  -3.2182E+01  2.8941E+01  3.5865E+01 -5.8168E+00  1.2088E+01  4.9726E+00  5.3818E+00 -9.5067E+00 -1.7426E+00

0ITERATION NO.:    6    OBJECTIVE VALUE:  -295.989055947181        NO. OF FUNC. EVALS.:   9
 CUMULATIVE NO. OF FUNC. EVALS.:       64
 NPARAMETR:  2.3458E+01  6.8365E-01  7.9947E+01  1.8287E+00  6.6811E-01  1.0510E-01  1.7222E-01  1.2251E-01  3.6693E-01
 PARAMETER:  2.5949E-01  2.3052E-01  9.9337E-02  1.1582E-01  5.3379E-02  1.4977E-01  3.7181E-01  4.6678E-01  6.3483E-01
 GRADIENT:  -3.7762E+01  2.5327E+01  3.1079E+01 -6.6089E+00  2.0581E+01  9.3437E+00  2.1588E+00 -5.0597E+00  1.1275E+00

0ITERATION NO.:    7    OBJECTIVE VALUE:  -296.021323124649        NO. OF FUNC. EVALS.:  10
 CUMULATIVE NO. OF FUNC. EVALS.:       74
 NPARAMETR:  2.3691E+01  6.7173E-01  8.1637E+01  1.8246E+00  6.7672E-01  1.0226E-01  1.7055E-01  1.2607E-01  3.7572E-01
 PARAMETER:  2.6937E-01  2.1292E-01  1.2026E-01  1.1355E-01  6.6184E-02  1.2236E-01  3.6694E-01  4.8267E-01  6.3972E-01
 GRADIENT:  -3.7849E+01  2.5796E+01  3.6194E+01 -9.6514E+00  2.1981E+01 -1.0898E+00  1.6235E+00 -4.6071E+00 -3.3847E-01

0ITERATION NO.:    8    OBJECTIVE VALUE:  -296.097445494187        NO. OF FUNC. EVALS.:   9
 CUMULATIVE NO. OF FUNC. EVALS.:       83
 NPARAMETR:  2.4209E+01  6.6527E-01  8.2186E+01  1.8194E+00  6.9268E-01  1.0295E-01  1.7365E-01  1.2271E-01  3.6740E-01
 PARAMETER:  2.9101E-01  2.0326E-01  1.2696E-01  1.1072E-01  8.9492E-02  1.2910E-01  3.7595E-01  4.6559E-01  6.3645E-01
 GRADIENT:  -3.1671E+01  2.3383E+01  3.4511E+01 -1.1997E+01  2.4792E+01  9.4909E-01  4.0930E+00 -6.9696E+00 -1.3209E+00

0ITERATION NO.:    9    OBJECTIVE VALUE:  -297.033610935861        NO. OF FUNC. EVALS.:  10
 CUMULATIVE NO. OF FUNC. EVALS.:       93
 NPARAMETR:  2.4133E+01  6.4767E-01  8.1389E+01  1.8259E+00  6.7888E-01  1.0246E-01  1.6119E-01  1.0944E-01  3.6423E-01
 PARAMETER:  2.8783E-01  1.7646E-01  1.1722E-01  1.1426E-01  6.9360E-02  1.2432E-01  3.3869E-01  4.3100E-01  6.5264E-01
 GRADIENT:  -2.4151E+01  1.4613E+01  2.4228E+01 -7.0627E+00  1.6390E+01  1.0955E-01  5.1339E-01 -8.8918E+00  2.0554E+00

0ITERATION NO.:   10    OBJECTIVE VALUE:  -298.449752059165        NO. OF FUNC. EVALS.:   9
 CUMULATIVE NO. OF FUNC. EVALS.:      102
 NPARAMETR:  2.4486E+01  6.6014E-01  7.8477E+01  1.8367E+00  6.6542E-01  1.0225E-01  1.5930E-01  1.2178E-01  3.5953E-01
 PARAMETER:  3.0235E-01  1.9552E-01  8.0774E-02  1.2016E-01  4.9332E-02  1.2226E-01  3.3280E-01  4.8245E-01  6.1038E-01
 GRADIENT:  -1.1857E+01  9.2563E+00  1.1297E+01  6.9829E+00  1.0007E+01 -1.1015E-01 -1.3434E+00 -4.4012E+00  2.3146E+00

0ITERATION NO.:   11    OBJECTIVE VALUE:  -298.582507699896        NO. OF FUNC. EVALS.:  10
 CUMULATIVE NO. OF FUNC. EVALS.:      112
 NPARAMETR:  2.4055E+01  6.4498E-01  7.7950E+01  1.8392E+00  6.5776E-01  1.0204E-01  1.6832E-01  1.2730E-01  3.5158E-01
 PARAMETER:  2.8461E-01  1.7228E-01  7.4036E-02  1.2154E-01  3.7765E-02  1.2022E-01  3.6033E-01  4.9062E-01  5.8903E-01
 GRADIENT:  -1.2242E+01  4.7582E+00  8.7315E+00  8.6435E+00  7.9410E+00 -4.8959E-01  1.7030E+00 -4.6820E+00  8.5663E-01

0ITERATION NO.:   12    OBJECTIVE VALUE:  -298.928841116672        NO. OF FUNC. EVALS.:  10
 CUMULATIVE NO. OF FUNC. EVALS.:      122
 NPARAMETR:  2.4360E+01  6.5019E-01  7.6747E+01  1.8365E+00  6.5169E-01  1.0201E-01  1.6644E-01  1.3555E-01  3.5316E-01
 PARAMETER:  2.9719E-01  1.8034E-01  5.8483E-02  1.2009E-01  2.8484E-02  1.1986E-01  3.5475E-01  5.2533E-01  5.6389E-01
 GRADIENT:  -3.0304E+00  6.1770E-01  1.6014E+00  3.4303E+00  1.9161E+00 -2.5743E-01 -3.7324E-01 -1.0842E+00 -7.3698E-02

0ITERATION NO.:   13    OBJECTIVE VALUE:  -298.961559112524        NO. OF FUNC. EVALS.:   9
 CUMULATIVE NO. OF FUNC. EVALS.:      131
 NPARAMETR:  2.4493E+01  6.5393E-01  7.6438E+01  1.8345E+00  6.5028E-01  1.0204E-01  1.6835E-01  1.3982E-01  3.5709E-01
 PARAMETER:  3.0266E-01  1.8607E-01  5.4448E-02  1.1898E-01  2.6315E-02  1.2018E-01  3.6045E-01  5.3879E-01  5.6016E-01
 GRADIENT:  -7.9466E-02 -8.6077E-02 -2.2769E-01  2.3790E-01 -5.5975E-02  1.2147E-02 -2.8084E-01  6.5949E-02 -7.3463E-02

0ITERATION NO.:   14    OBJECTIVE VALUE:  -298.964116277579        NO. OF FUNC. EVALS.:   9
 CUMULATIVE NO. OF FUNC. EVALS.:      140
 NPARAMETR:  2.4529E+01  6.5362E-01  7.6583E+01  1.8340E+00  6.5116E-01  1.0204E-01  1.6963E-01  1.4067E-01  3.5906E-01
 PARAMETER:  3.0414E-01  1.8559E-01  5.6347E-02  1.1871E-01  2.7674E-02  1.2018E-01  3.6422E-01  5.4002E-01  5.6316E-01
 GRADIENT:   4.4787E-02  8.1876E-02  1.2906E-01 -2.0246E-01  3.2008E-02  1.9834E-02  2.2169E-01 -7.0583E-02  7.7363E-02

0ITERATION NO.:   15    OBJECTIVE VALUE:  -298.964116277579        NO. OF FUNC. EVALS.:  21
 CUMULATIVE NO. OF FUNC. EVALS.:      161
 NPARAMETR:  2.4529E+01  6.5362E-01  7.6583E+01  1.8340E+00  6.5116E-01  1.0204E-01  1.6963E-01  1.4067E-01  3.5906E-01
 PARAMETER:  3.0414E-01  1.8559E-01  5.6347E-02  1.1871E-01  2.7674E-02  1.2018E-01  3.6422E-01  5.4002E-01  5.6316E-01
 GRADIENT:  -1.4088E+00 -5.9200E-01 -5.5346E-02 -3.6838E-01 -1.0271E-01 -1.6222E-02  2.2169E-01 -7.0583E-02  7.7363E-02

0ITERATION NO.:   16    OBJECTIVE VALUE:  -298.970712561321        NO. OF FUNC. EVALS.:  21
 CUMULATIVE NO. OF FUNC. EVALS.:      182
 NPARAMETR:  2.4648E+01  6.5679E-01  7.6572E+01  1.8338E+00  6.5249E-01  1.0206E-01  1.6908E-01  1.4050E-01  3.5912E-01
 PARAMETER:  3.0898E-01  1.9043E-01  5.6209E-02  1.1861E-01  2.9710E-02  1.2042E-01  3.6260E-01  5.4027E-01  5.6304E-01
 GRADIENT:  -4.1702E-01 -2.0105E-01 -5.5506E-02 -4.1979E-02  3.6388E-02  1.5460E-02  8.0539E-03  3.6996E-02  6.9218E-02

0ITERATION NO.:   17    OBJECTIVE VALUE:  -298.971491784597        NO. OF FUNC. EVALS.:  20
 CUMULATIVE NO. OF FUNC. EVALS.:      202
 NPARAMETR:  2.4693E+01  6.5863E-01  7.6521E+01  1.8337E+00  6.5271E-01  1.0206E-01  1.6898E-01  1.4026E-01  3.5829E-01
 PARAMETER:  3.1079E-01  1.9323E-01  5.5532E-02  1.1855E-01  3.0057E-02  1.2043E-01  3.6230E-01  5.3951E-01  5.6201E-01
 GRADIENT:  -1.0536E-01 -1.1033E-02 -1.9721E-02  1.0430E-02  1.1427E-02  6.6406E-03 -1.2984E-02  1.6812E-02  1.7298E-02

0ITERATION NO.:   18    OBJECTIVE VALUE:  -298.971491784597        NO. OF FUNC. EVALS.:  24
 CUMULATIVE NO. OF FUNC. EVALS.:      226
 NPARAMETR:  2.4694E+01  6.5875E-01  7.6528E+01  1.8337E+00  6.5274E-01  1.0206E-01  1.6901E-01  1.4021E-01  3.5807E-01
 PARAMETER:  3.1079E-01  1.9323E-01  5.5532E-02  1.1855E-01  3.0057E-02  1.2043E-01  3.6230E-01  5.3951E-01  5.6201E-01
 GRADIENT:  -1.5335E-02 -9.1362E-03 -3.7884E-02  1.5563E-02 -2.8298E-01  1.8718E-02 -1.1707E-02  2.2509E-02  2.1893E-02
 NUMSIGDIG:         3.9         2.9         2.9         4.1         3.3         3.4         3.5         3.3         3.4

 #TERM:
0MINIMIZATION TERMINATED
 DUE TO ROUNDING ERRORS (ERROR=134)
 NO. OF FUNCTION EVALUATIONS USED:      226
 NO. OF SIG. DIGITS IN FINAL EST.:  3.0

 ETABAR IS THE ARITHMETIC MEAN OF THE ETA-ESTIMATES,
 AND THE P-VALUE IS GIVEN FOR THE NULL HYPOTHESIS THAT THE TRUE MEAN IS 0.

 ETABAR:        -7.4049E-04  1.0148E-02
 SE:             7.3572E-02  1.0604E-01
 N:                      30          30

 P VAL.:         9.9197E-01  9.2376E-01

 ETASHRINKSD(%)  2.9494E-01  1.3087E+00
 ETASHRINKVR(%)  5.8902E-01  2.6003E+00
 EBVSHRINKSD(%)  1.8370E+00  1.9726E+00
 EBVSHRINKVR(%)  3.6403E+00  3.9063E+00
 EPSSHRINKSD(%)  2.0073E+01
 EPSSHRINKVR(%)  3.6117E+01

  
 TOTAL DATA POINTS NORMALLY DISTRIBUTED (N):          150
 N*LOG(2PI) CONSTANT TO OBJECTIVE FUNCTION:    275.68155996140177     
 OBJECTIVE FUNCTION VALUE WITHOUT CONSTANT:   -298.97149178459682     
 OBJECTIVE FUNCTION VALUE WITH CONSTANT:      -23.289931823195047     
 REPORTED OBJECTIVE FUNCTION DOES NOT CONTAIN CONSTANT
  
 TOTAL EFFECTIVE ETAS (NIND*NETA):                            60
  
 #TERE:
 Elapsed estimation  time in seconds:    21.16
 Elapsed covariance  time in seconds:    18.81
 Elapsed postprocess time in seconds:     0.00
1
 
 
 
 
 
 
 
 
 
 
 
 
 
 
 
 
 
 
 
 
 ************************************************************************************************************************
 ********************                                                                                ********************
 ********************               FIRST ORDER CONDITIONAL ESTIMATION WITH INTERACTION              ********************
 #OBJT:**************                       MINIMUM VALUE OF OBJECTIVE FUNCTION                      ********************
 ********************                                                                                ********************
 ************************************************************************************************************************
 





 #OBJV:********************************************     -298.971       **************************************************
1
 ************************************************************************************************************************
 ********************                                                                                ********************
 ********************               FIRST ORDER CONDITIONAL ESTIMATION WITH INTERACTION              ********************
 ********************                             FINAL PARAMETER ESTIMATE                           ********************
 ********************                                                                                ********************
 ************************************************************************************************************************
 


 THETA - VECTOR OF FIXED EFFECTS PARAMETERS   *********


         TH 1      TH 2      TH 3      TH 4      TH 5      TH 6     
 
         2.47E+01  6.59E-01  7.65E+01  1.83E+00  6.53E-01  1.02E-01
 


 OMEGA - COV MATRIX FOR RANDOM EFFECTS - ETAS  ********


         ETA1      ETA2     
 
 ETA1
+        1.69E-01
 
 ETA2
+        1.40E-01  3.58E-01
 


 SIGMA - COV MATRIX FOR RANDOM EFFECTS - EPSILONS  ****


         EPS1     
 
 EPS1
+        1.00E+00
 
1


 OMEGA - CORR MATRIX FOR RANDOM EFFECTS - ETAS  *******


         ETA1      ETA2     
 
 ETA1
+        4.11E-01
 
 ETA2
+        5.70E-01  5.99E-01
 


 SIGMA - CORR MATRIX FOR RANDOM EFFECTS - EPSILONS  ***


         EPS1     
 
 EPS1
+        1.00E+00
 
1
 ************************************************************************************************************************
 ********************                                                                                ********************
 ********************               FIRST ORDER CONDITIONAL ESTIMATION WITH INTERACTION              ********************
 ********************                            STANDARD ERROR OF ESTIMATE                          ********************
 ********************                                                                                ********************
 ************************************************************************************************************************
 


 THETA - VECTOR OF FIXED EFFECTS PARAMETERS   *********


         TH 1      TH 2      TH 3      TH 4      TH 5      TH 6     
 
         2.05E+00  1.64E+00  1.49E+02  6.36E-01  3.44E-01  1.50E-01
 


 OMEGA - COV MATRIX FOR RANDOM EFFECTS - ETAS  ********


         ETA1      ETA2     
 
 ETA1
+        3.75E-02
 
 ETA2
+        2.79E-01  1.01E+00
 


 SIGMA - COV MATRIX FOR RANDOM EFFECTS - EPSILONS  ****


         EPS1     
 
 EPS1
+       .........
 
1


 OMEGA - CORR MATRIX FOR RANDOM EFFECTS - ETAS  *******


         ETA1      ETA2     
 
 ETA1
+        4.56E-02
 
 ETA2
+        3.61E-01  8.44E-01
 


 SIGMA - CORR MATRIX FOR RANDOM EFFECTS - EPSILONS  ***


         EPS1     
 
 EPS1
+       .........
 
1
 ************************************************************************************************************************
 ********************                                                                                ********************
 ********************               FIRST ORDER CONDITIONAL ESTIMATION WITH INTERACTION              ********************
 ********************                          COVARIANCE MATRIX OF ESTIMATE                         ********************
 ********************                                                                                ********************
 ************************************************************************************************************************
 

            TH 1      TH 2      TH 3      TH 4      TH 5      TH 6      OM11      OM12      OM22      SG11  
 
 TH 1
+        4.19E+00
 
 TH 2
+        1.27E+00  2.69E+00
 
 TH 3
+       -1.10E+02 -2.44E+02  2.22E+04
 
 TH 4
+       -4.37E-01 -1.04E+00  9.44E+01  4.05E-01
 
 TH 5
+       -2.42E-01 -5.63E-01  5.11E+01  2.18E-01  1.18E-01
 
 TH 6
+        1.10E-01  2.45E-01 -2.23E+01 -9.49E-02 -5.14E-02  2.24E-02
 
 OM11
+       -5.75E-03  2.22E-02 -2.05E+00 -8.63E-03 -4.60E-03  2.05E-03  1.41E-03
 
 OM12
+       -2.16E-01 -4.51E-01  4.10E+01  1.74E-01  9.44E-02 -4.12E-02 -2.96E-03  7.78E-02
 
 OM22
+       -7.47E-01 -1.65E+00  1.50E+02  6.38E-01  3.46E-01 -1.51E-01 -1.33E-02  2.80E-01  1.02E+00
 
 SG11
+       ......... ......... ......... ......... ......... ......... ......... ......... ......... .........
 
1
 ************************************************************************************************************************
 ********************                                                                                ********************
 ********************               FIRST ORDER CONDITIONAL ESTIMATION WITH INTERACTION              ********************
 ********************                          CORRELATION MATRIX OF ESTIMATE                        ********************
 ********************                                                                                ********************
 ************************************************************************************************************************
 

            TH 1      TH 2      TH 3      TH 4      TH 5      TH 6      OM11      OM12      OM22      SG11  
 
 TH 1
+        2.05E+00
 
 TH 2
+        3.79E-01  1.64E+00
 
 TH 3
+       -3.60E-01 -9.99E-01  1.49E+02
 
 TH 4
+       -3.35E-01 -9.95E-01  9.95E-01  6.36E-01
 
 TH 5
+       -3.44E-01 -9.98E-01  9.98E-01  9.98E-01  3.44E-01
 
 TH 6
+        3.59E-01  9.98E-01 -9.99E-01 -9.96E-01 -9.99E-01  1.50E-01
 
 OM11
+       -7.49E-02  3.61E-01 -3.67E-01 -3.62E-01 -3.57E-01  3.65E-01  3.75E-02
 
 OM12
+       -3.78E-01 -9.86E-01  9.87E-01  9.80E-01  9.84E-01 -9.86E-01 -2.83E-01  2.79E-01
 
 OM22
+       -3.61E-01 -9.96E-01  9.98E-01  9.93E-01  9.96E-01 -9.97E-01 -3.52E-01  9.93E-01  1.01E+00
 
 SG11
+       ......... ......... ......... ......... ......... ......... ......... ......... ......... .........
 
1
 ************************************************************************************************************************
 ********************                                                                                ********************
 ********************               FIRST ORDER CONDITIONAL ESTIMATION WITH INTERACTION              ********************
 ********************                      INVERSE COVARIANCE MATRIX OF ESTIMATE                     ********************
 ********************                                                                                ********************
 ************************************************************************************************************************
 

            TH 1      TH 2      TH 3      TH 4      TH 5      TH 6      OM11      OM12      OM22      SG11  
 
 TH 1
+        6.20E-01
 
 TH 2
+       -1.02E+01  3.76E+02
 
 TH 3
+       -7.43E-02  3.41E+00  6.35E-02
 
 TH 4
+        3.83E+00 -9.60E+01 -4.29E-01  9.79E+02
 
 TH 5
+       -5.49E+01  1.35E+03  7.93E+00 -3.04E+03  1.68E+04
 
 TH 6
+       -6.21E+01  1.33E+03  2.61E+01 -2.62E+03  1.85E+04  4.52E+04
 
 OM11
+        1.43E+01 -2.68E+02 -1.32E+00  2.29E+02 -2.50E+03 -2.66E+03  1.84E+03
 
 OM12
+       -9.75E+00  3.22E+02  3.61E+00  6.57E+01  1.57E+03  1.37E+03 -1.31E+03  2.33E+03
 
 OM22
+        4.84E+00 -1.94E+02 -3.44E+00 -7.31E+01 -5.45E+02 -1.22E+02  4.65E+02 -1.05E+03  7.02E+02
 
 SG11
+       ......... ......... ......... ......... ......... ......... ......... ......... ......... .........
 
 Elapsed finaloutput time in seconds:     0.01
 #CPUT: Total CPU Time in Seconds,       40.066
Stop Time:
Wed Dec 15 10:28:46 CST 2021
